{
  "RSpec": {
    "coverage": {
      "/Users/junseop/Documents/work/taskmate/services/user-service/app/controllers/api/v1/auth_controller.rb": {
        "lines": [
          1,
          1,
          null,
          1,
          9,
          null,
          9,
          4,
          4,
          null,
          4,
          null,
          null,
          null,
          null,
          5,
          null,
          null,
          null,
          null,
          null,
          null,
          1,
          7,
          null,
          7,
          null,
          4,
          null,
          null,
          4,
          4,
          null,
          4,
          null,
          null,
          null,
          null,
          3,
          null,
          null,
          null,
          null,
          null,
          null,
          1,
          3,
          3,
          3,
          null,
          3,
          null,
          null,
          null,
          null,
          0,
          null,
          null,
          null,
          null,
          null,
          null,
          1,
          2,
          null,
          2,
          null,
          2,
          null,
          null,
          null,
          null,
          0,
          null,
          null,
          null,
          null,
          null,
          null,
          1,
          null,
          1,
          9,
          null,
          null,
          1,
          13,
          null,
          null,
          1,
          null,
          10,
          null,
          null,
          null,
          null,
          null,
          null,
          1,
          8,
          null,
          null,
          null,
          null,
          null,
          null,
          null,
          1,
          3,
          null,
          null,
          1,
          10,
          null,
          10,
          2,
          null,
          null,
          null,
          2,
          null,
          null,
          8,
          null,
          8,
          1,
          null,
          null,
          null,
          1,
          null,
          null,
          7,
          2,
          2,
          null,
          null,
          null,
          2,
          null,
          null,
          5,
          null,
          null
        ]
      },
      "/Users/junseop/Documents/work/taskmate/services/user-service/app/controllers/application_controller.rb": {
        "lines": [
          1,
          1,
          null
        ]
      },
      "/Users/junseop/Documents/work/taskmate/services/user-service/app/models/session.rb": {
        "lines": [
          1,
          1,
          null,
          1,
          1,
          null,
          38,
          38,
          null,
          3,
          4,
          null,
          1,
          9,
          null,
          null,
          1,
          3,
          null,
          null,
          1,
          1,
          null,
          null,
          1,
          null,
          1,
          10,
          null,
          null,
          1,
          9,
          null,
          null
        ]
      },
      "/Users/junseop/Documents/work/taskmate/services/user-service/app/models/application_record.rb": {
        "lines": [
          1,
          1,
          null
        ]
      },
      "/Users/junseop/Documents/work/taskmate/services/user-service/app/models/user.rb": {
        "lines": [
          1,
          1,
          1,
          null,
          1,
          1,
          1,
          70,
          null,
          1,
          null,
          1,
          1,
          null,
          null,
          1,
          2,
          null,
          null,
          1,
          null,
          1,
          46,
          null,
          null
        ]
      },
      "/Users/junseop/Documents/work/taskmate/services/user-service/app/jobs/application_job.rb": {
        "lines": [
          0,
          null,
          null,
          null,
          null,
          null,
          0
        ],
        "branches": {}
      },
      "/Users/junseop/Documents/work/taskmate/services/user-service/app/mailers/application_mailer.rb": {
        "lines": [
          0,
          0,
          0,
          0
        ],
        "branches": {}
      }
    },
    "timestamp": 1755347153
  }
}
