{
  "RSpec": {
    "coverage": {
      "/Users/junseop/Documents/work/taskmate/services/user-service/app/models/user.rb": {
        "lines": [
          1,
          1,
          1,
          null,
          1,
          1,
          1,
          26,
          null,
          1,
          null,
          1,
          1,
          null,
          null,
          1,
          2,
          null,
          null,
          1,
          null,
          1,
          7,
          null,
          null
        ]
      },
      "/Users/junseop/Documents/work/taskmate/services/user-service/app/models/application_record.rb": {
        "lines": [
          1,
          1,
          null
        ]
      },
      "/Users/junseop/Documents/work/taskmate/services/user-service/app/models/session.rb": {
        "lines": [
          1,
          1,
          null,
          1,
          1,
          null,
          2,
          2,
          null,
          1,
          1,
          null,
          1,
          0,
          null,
          null,
          1,
          0,
          null,
          null,
          1,
          0,
          null,
          null,
          1,
          null,
          1,
          0,
          null,
          null,
          1,
          0,
          null,
          null
        ]
      },
      "/Users/junseop/Documents/work/taskmate/services/user-service/app/controllers/application_controller.rb": {
        "lines": [
          0,
          0
        ],
        "branches": {}
      },
      "/Users/junseop/Documents/work/taskmate/services/user-service/app/jobs/application_job.rb": {
        "lines": [
          0,
          null,
          null,
          null,
          null,
          null,
          0
        ],
        "branches": {}
      },
      "/Users/junseop/Documents/work/taskmate/services/user-service/app/mailers/application_mailer.rb": {
        "lines": [
          0,
          0,
          0,
          0
        ],
        "branches": {}
      }
    },
    "timestamp": 1755342639
  }
}
