{
  "RSpec": {
    "coverage": {
      "/Users/junseop/Documents/work/taskmate/services/file-service/app/controllers/api/v1/file_attachments_controller.rb": {
        "lines": [
          1,
          1,
          null,
          1,
          4,
          null,
          null,
          4,
          4,
          null,
          4,
          1,
          null,
          null,
          null,
          null,
          null,
          null,
          4,
          4,
          null,
          4,
          4,
          null,
          10,
          null,
          4,
          null,
          null,
          null,
          null,
          null,
          4,
          null,
          null,
          null,
          null,
          1,
          1,
          null,
          null,
          1,
          5,
          null,
          5,
          2,
          null,
          3,
          null,
          null,
          null,
          1,
          2,
          2,
          null,
          0,
          null,
          null,
          null,
          1,
          2,
          2,
          null,
          null,
          1,
          2,
          2,
          null,
          null,
          1,
          2,
          2,
          null,
          null,
          1,
          null,
          1,
          12,
          null,
          3,
          null,
          null,
          1,
          7,
          null,
          null,
          null,
          null,
          null,
          null,
          null,
          null,
          null,
          null,
          1,
          null,
          15,
          null,
          null,
          null,
          null,
          null,
          null,
          null,
          null,
          null,
          null,
          null,
          null,
          null,
          15,
          null,
          null,
          8,
          null,
          null
        ]
      },
      "/Users/junseop/Documents/work/taskmate/services/file-service/app/controllers/application_controller.rb": {
        "lines": [
          1,
          1,
          null,
          1,
          null,
          1,
          40,
          null,
          null,
          1,
          24,
          24,
          24,
          null,
          null,
          1,
          5,
          5,
          5,
          null,
          null,
          1,
          6,
          null,
          null
        ]
      },
      "/Users/junseop/Documents/work/taskmate/services/file-service/app/controllers/api/v1/file_categories_controller.rb": {
        "lines": [
          1,
          1,
          null,
          1,
          2,
          10,
          2,
          null,
          null,
          1,
          2,
          null,
          null,
          1,
          4,
          null,
          4,
          2,
          null,
          2,
          null,
          null,
          null,
          1,
          2,
          2,
          null,
          0,
          null,
          null,
          null,
          1,
          3,
          3,
          null,
          null,
          1,
          null,
          1,
          null,
          1,
          null,
          1,
          null,
          null,
          1,
          2,
          2,
          2,
          null,
          2,
          null,
          null,
          2,
          1,
          null,
          null,
          null,
          2,
          1,
          1,
          null,
          null,
          null,
          2,
          null,
          null,
          null,
          2,
          null,
          null,
          1,
          null,
          1,
          13,
          null,
          3,
          null,
          null,
          1,
          6,
          6,
          null,
          null,
          0,
          null,
          null,
          0,
          null,
          null,
          null,
          6,
          null,
          null,
          null,
          null,
          null,
          null,
          6,
          6,
          null,
          null,
          1,
          null,
          14,
          null,
          null,
          null,
          null,
          14,
          null,
          null,
          14,
          null,
          null,
          null,
          null
        ]
      },
      "/Users/junseop/Documents/work/taskmate/services/file-service/app/models/file_attachment.rb": {
        "lines": [
          1,
          1,
          1,
          null,
          1,
          1,
          1,
          1,
          1,
          1,
          null,
          1,
          1,
          null,
          1,
          1,
          null,
          4,
          4,
          1,
          1,
          1,
          null,
          null,
          1,
          null,
          null,
          null,
          1,
          null,
          null,
          null,
          null,
          null,
          1,
          null,
          17,
          null,
          null,
          1,
          17,
          null,
          null,
          1,
          17,
          null,
          0,
          null,
          4,
          null,
          13,
          null,
          0,
          null,
          null,
          null,
          1,
          0,
          null,
          null,
          1,
          0,
          null,
          null,
          1,
          0,
          null,
          null,
          1,
          2,
          null,
          null,
          1,
          2,
          null,
          null,
          1,
          null,
          1,
          80,
          null,
          68,
          68,
          68,
          null,
          68,
          null,
          null,
          1,
          80,
          null,
          null,
          1,
          89,
          null,
          null,
          86,
          2,
          null,
          null,
          null,
          86,
          1,
          1,
          null,
          null,
          null,
          1,
          89,
          null,
          null,
          84,
          1,
          null,
          null,
          null,
          84,
          1,
          null,
          null
        ]
      },
      "/Users/junseop/Documents/work/taskmate/services/file-service/app/models/application_record.rb": {
        "lines": [
          1,
          1,
          null
        ]
      },
      "/Users/junseop/Documents/work/taskmate/services/file-service/app/models/file_category.rb": {
        "lines": [
          1,
          1,
          null,
          1,
          1,
          null,
          1,
          1,
          null,
          4,
          null,
          1,
          44,
          28,
          null,
          null,
          1,
          42,
          27,
          null,
          null,
          1,
          15,
          null,
          null,
          1,
          31,
          null,
          null,
          1,
          3,
          null,
          null,
          1,
          null,
          null,
          43,
          null,
          null,
          null,
          null,
          null,
          null,
          null,
          null,
          null,
          null,
          null,
          null,
          null,
          null,
          null,
          null,
          null,
          null,
          null,
          null,
          null,
          null,
          null,
          null,
          43,
          172,
          168,
          168,
          168,
          null,
          null,
          null,
          null,
          1,
          null,
          1,
          193,
          null
        ]
      },
      "/Users/junseop/Documents/work/taskmate/services/file-service/app/jobs/application_job.rb": {
        "lines": [
          0,
          null,
          null,
          null,
          null,
          null,
          0
        ],
        "branches": {}
      },
      "/Users/junseop/Documents/work/taskmate/services/file-service/app/mailers/application_mailer.rb": {
        "lines": [
          0,
          0,
          0,
          0
        ],
        "branches": {}
      }
    },
    "timestamp": 1755356531
  }
}
