{
  "RSpec": {
    "coverage": {
      "/Users/junseop/Documents/work/taskmate/services/task-service/app/controllers/api/v1/tasks_controller.rb": {
        "lines": [
          1,
          1,
          1,
          null,
          null,
          1,
          5,
          null,
          null,
          5,
          5,
          null,
          5,
          null,
          1,
          null,
          1,
          null,
          null,
          5,
          null,
          null,
          null,
          null,
          null,
          null,
          1,
          1,
          null,
          null,
          null,
          1,
          3,
          null,
          3,
          2,
          null,
          1,
          null,
          null,
          null,
          null,
          1,
          3,
          2,
          null,
          1,
          null,
          null,
          null,
          null,
          1,
          1,
          1,
          null,
          null,
          null,
          1,
          4,
          1,
          null,
          null,
          null,
          3,
          2,
          null,
          1,
          null,
          null,
          null,
          1,
          null,
          1,
          23,
          null,
          null,
          1,
          15,
          null,
          15,
          6,
          null,
          null,
          null,
          1,
          6,
          6,
          null
        ]
      },
      "/Users/junseop/Documents/work/taskmate/services/task-service/app/controllers/application_controller.rb": {
        "lines": [
          1,
          1,
          null,
          null,
          1,
          null,
          1,
          null,
          1,
          2,
          null,
          2,
          1,
          null,
          null,
          null,
          1,
          null,
          null,
          null,
          1,
          null,
          null,
          null,
          null,
          1,
          0,
          0,
          null,
          1,
          null,
          null,
          null,
          null,
          null,
          0,
          0,
          null,
          null,
          null,
          null,
          null,
          1,
          0,
          null,
          null,
          1,
          null,
          1,
          1,
          null
        ]
      },
      "/Users/junseop/Documents/work/taskmate/services/task-service/app/models/task.rb": {
        "lines": [
          1,
          null,
          1,
          1,
          1,
          1,
          1,
          null,
          null,
          1,
          null,
          null,
          1,
          1,
          null,
          null,
          1,
          null,
          null,
          2,
          2,
          24,
          2,
          2,
          null,
          null,
          1,
          0,
          null,
          null,
          1,
          0,
          null,
          null,
          1,
          0,
          null,
          null,
          1,
          4,
          null,
          3,
          null,
          1,
          null,
          0,
          null,
          0,
          null,
          0,
          null,
          null,
          null,
          1,
          4,
          1,
          1,
          null,
          null,
          null,
          3,
          3,
          3,
          3,
          null,
          null,
          1,
          null,
          1,
          47,
          47,
          null,
          null,
          1,
          53,
          53,
          null,
          null,
          1,
          51,
          2,
          49,
          49,
          null,
          null,
          null,
          1,
          50,
          47,
          null,
          0,
          0,
          null,
          null
        ]
      },
      "/Users/junseop/Documents/work/taskmate/services/task-service/app/models/application_record.rb": {
        "lines": [
          1,
          1
        ]
      }
    },
    "timestamp": 1755352129
  }
}
