{
  "RSpec": {
    "coverage": {
      "/Users/junseop/Documents/work/taskmate/services/analytics-service/app/controllers/analytics_events_controller.rb": {
        "lines": [
          null,
          null,
          1,
          1,
          null,
          null,
          1,
          4,
          null,
          null,
          4,
          4,
          null,
          4,
          1,
          null,
          null,
          4,
          null,
          null,
          null,
          1,
          0,
          null,
          null,
          null,
          1,
          6,
          null,
          6,
          3,
          null,
          3,
          null,
          null,
          null,
          null,
          1,
          2,
          null,
          null,
          2,
          null,
          null,
          2,
          null,
          null,
          2,
          2,
          null,
          2,
          null,
          1,
          null,
          0,
          null,
          0,
          null,
          null,
          2,
          1,
          1,
          1,
          null,
          null,
          null,
          2,
          null,
          null,
          null,
          null,
          2,
          null,
          2,
          null,
          null,
          1,
          null,
          1,
          0,
          null,
          null,
          1,
          6,
          null
        ]
      },
      "/Users/junseop/Documents/work/taskmate/services/analytics-service/app/controllers/application_controller.rb": {
        "lines": [
          null,
          null,
          1,
          null,
          1,
          null,
          1,
          null,
          1,
          0,
          null,
          null
        ]
      },
      "/Users/junseop/Documents/work/taskmate/services/analytics-service/app/controllers/analytics_summaries_controller.rb": {
        "lines": [
          null,
          null,
          1,
          1,
          null,
          null,
          1,
          3,
          null,
          null,
          3,
          3,
          null,
          3,
          null,
          null,
          null,
          1,
          0,
          null,
          null,
          null,
          1,
          6,
          null,
          6,
          3,
          null,
          3,
          null,
          null,
          null,
          null,
          1,
          null,
          2,
          2,
          null,
          2,
          null,
          1,
          null,
          0,
          null,
          0,
          null,
          0,
          null,
          0,
          null,
          0,
          null,
          null,
          null,
          2,
          null,
          null,
          null,
          2,
          null,
          null,
          null,
          null,
          null,
          null,
          2,
          null,
          null,
          null,
          null,
          2,
          null,
          2,
          null,
          null,
          null,
          1,
          2,
          null,
          null,
          2,
          null,
          2,
          null,
          2,
          null,
          null,
          1,
          null,
          1,
          0,
          null,
          null,
          1,
          6,
          null
        ]
      },
      "/Users/junseop/Documents/work/taskmate/services/analytics-service/app/models/analytics_event.rb": {
        "lines": [
          null,
          null,
          1,
          null,
          1,
          1,
          1,
          1,
          null,
          null,
          1,
          null,
          null,
          91,
          null,
          null,
          4,
          2,
          3,
          2,
          2,
          1,
          1,
          null,
          null,
          1,
          null,
          1,
          null,
          null,
          null,
          null,
          null,
          null,
          null,
          null,
          1,
          0,
          null,
          null,
          1,
          0,
          null,
          null,
          1,
          0,
          null,
          null,
          1,
          null,
          1,
          8,
          null
        ]
      },
      "/Users/junseop/Documents/work/taskmate/services/analytics-service/app/models/application_record.rb": {
        "lines": [
          1,
          1,
          null
        ]
      },
      "/Users/junseop/Documents/work/taskmate/services/analytics-service/app/models/analytics_summary.rb": {
        "lines": [
          null,
          null,
          1,
          null,
          1,
          1,
          1,
          1,
          1,
          null,
          null,
          1,
          null,
          null,
          94,
          null,
          null,
          5,
          1,
          5,
          2,
          1,
          1,
          1,
          null,
          null,
          1,
          25,
          null,
          1,
          null,
          23,
          null,
          1,
          null,
          0,
          null,
          null,
          null,
          1,
          null,
          21,
          null,
          null,
          null,
          null,
          null,
          null,
          null,
          1,
          0,
          null,
          null,
          1,
          0,
          null,
          null,
          1,
          0,
          null,
          null,
          1,
          0,
          null,
          null,
          1,
          null,
          1,
          8,
          null
        ]
      },
      "/Users/junseop/Documents/work/taskmate/services/analytics-service/app/models/user.rb": {
        "lines": [
          null,
          null,
          null,
          null,
          1,
          1,
          null,
          null,
          null,
          null,
          null,
          1,
          1,
          null
        ]
      },
      "/Users/junseop/Documents/work/taskmate/services/analytics-service/app/jobs/application_job.rb": {
        "lines": [
          0,
          null,
          null,
          null,
          null,
          null,
          0
        ],
        "branches": {}
      },
      "/Users/junseop/Documents/work/taskmate/services/analytics-service/app/mailers/application_mailer.rb": {
        "lines": [
          0,
          0,
          0,
          0
        ],
        "branches": {}
      }
    },
    "timestamp": 1755355305
  }
}
